This is pdfTeX, Version 3.14159265-2.6-1.40.16 (MiKTeX 2.9 64-bit) (preloaded format=pdflatex 2015.9.7)  30 NOV 2016 16:16
entering extended mode
**sig-alternate-sample.tex
(sig-alternate-sample.tex
LaTeX2e <2015/01/01> patch level 2
Babel <3.9m> and hyphenation patterns for 69 languages loaded.
(sig-alternate-05-2015.cls
("C:\Program Files\MiKTeX 2.9\tex\latex\graphics\epsfig.sty"
Package: epsfig 1999/02/16 v1.7a (e)psfig emulation (SPQR)

("C:\Program Files\MiKTeX 2.9\tex\latex\graphics\graphicx.sty"
Package: graphicx 2014/10/28 v1.0g Enhanced LaTeX Graphics (DPC,SPQR)

("C:\Program Files\MiKTeX 2.9\tex\latex\graphics\keyval.sty"
Package: keyval 2014/10/28 v1.15 key=value parser (DPC)
\KV@toks@=\toks14
)
("C:\Program Files\MiKTeX 2.9\tex\latex\graphics\graphics.sty"
Package: graphics 2014/10/28 v1.0p Standard LaTeX Graphics (DPC,SPQR)

("C:\Program Files\MiKTeX 2.9\tex\latex\graphics\trig.sty"
Package: trig 1999/03/16 v1.09 sin cos tan (DPC)
)
("C:\Program Files\MiKTeX 2.9\tex\latex\00miktex\graphics.cfg"
File: graphics.cfg 2007/01/18 v1.5 graphics configuration of teTeX/TeXLive
)
Package graphics Info: Driver file: pdftex.def on input line 94.

("C:\Program Files\MiKTeX 2.9\tex\latex\pdftex-def\pdftex.def"
File: pdftex.def 2011/05/27 v0.06d Graphics/color for pdfTeX

("C:\Program Files\MiKTeX 2.9\tex\generic\oberdiek\infwarerr.sty"
Package: infwarerr 2010/04/08 v1.3 Providing info/warning/error messages (HO)
)
("C:\Program Files\MiKTeX 2.9\tex\generic\oberdiek\ltxcmds.sty"
Package: ltxcmds 2011/11/09 v1.22 LaTeX kernel commands for general use (HO)
)
\Gread@gobject=\count79
))
\Gin@req@height=\dimen102
\Gin@req@width=\dimen103
)
\epsfxsize=\dimen104
\epsfysize=\dimen105
)
("C:\Program Files\MiKTeX 2.9\tex\latex\amsfonts\amssymb.sty"
Package: amssymb 2013/01/14 v3.01 AMS font symbols

("C:\Program Files\MiKTeX 2.9\tex\latex\amsfonts\amsfonts.sty"
Package: amsfonts 2013/01/14 v3.01 Basic AMSFonts support
\@emptytoks=\toks15
\symAMSa=\mathgroup4
\symAMSb=\mathgroup5
LaTeX Font Info:    Overwriting math alphabet `\mathfrak' in version `bold'
(Font)                  U/euf/m/n --> U/euf/b/n on input line 106.
))
("C:\Program Files\MiKTeX 2.9\tex\latex\amsmath\amsmath.sty"
Package: amsmath 2013/01/14 v2.14 AMS math features
\@mathmargin=\skip41

For additional information on amsmath, use the `?' option.
("C:\Program Files\MiKTeX 2.9\tex\latex\amsmath\amstext.sty"
Package: amstext 2000/06/29 v2.01

("C:\Program Files\MiKTeX 2.9\tex\latex\amsmath\amsgen.sty"
File: amsgen.sty 1999/11/30 v2.0
\@emptytoks=\toks16
\ex@=\dimen106
))
("C:\Program Files\MiKTeX 2.9\tex\latex\amsmath\amsbsy.sty"
Package: amsbsy 1999/11/29 v1.2d
\pmbraise@=\dimen107
)
("C:\Program Files\MiKTeX 2.9\tex\latex\amsmath\amsopn.sty"
Package: amsopn 1999/12/14 v2.01 operator names
)
\inf@bad=\count80
LaTeX Info: Redefining \frac on input line 210.
\uproot@=\count81
\leftroot@=\count82
LaTeX Info: Redefining \overline on input line 306.
\classnum@=\count83
\DOTSCASE@=\count84
LaTeX Info: Redefining \ldots on input line 378.
LaTeX Info: Redefining \dots on input line 381.
LaTeX Info: Redefining \cdots on input line 466.
\Mathstrutbox@=\box26
\strutbox@=\box27
\big@size=\dimen108
LaTeX Font Info:    Redeclaring font encoding OML on input line 566.
LaTeX Font Info:    Redeclaring font encoding OMS on input line 567.
\macc@depth=\count85
\c@MaxMatrixCols=\count86
\dotsspace@=\muskip10
\c@parentequation=\count87
\dspbrk@lvl=\count88
\tag@help=\toks17
\row@=\count89
\column@=\count90
\maxfields@=\count91
\andhelp@=\toks18
\eqnshift@=\dimen109
\alignsep@=\dimen110
\tagshift@=\dimen111
\tagwidth@=\dimen112
\totwidth@=\dimen113
\lineht@=\dimen114
\@envbody=\toks19
\multlinegap=\skip42
\multlinetaggap=\skip43
\mathdisplay@stack=\toks20
LaTeX Info: Redefining \[ on input line 2665.
LaTeX Info: Redefining \] on input line 2666.
)
Document Class 'sig-alternate' <9th June '13>. Modified by G.K.M. Tobin/Gerry M
urray/Boris Veytsman
Based in part upon document Style `acmconf' <22 May 89>. Hacked 4/91 by
shivers@cs.cmu.edu, 4/93 by theobald@cs.mcgill.ca
Excerpts were taken from (Journal Style) 'esub2acm.cls'.
****** Bugs/comments/suggestions/technicalities to Gerry Murray -- murray@hq.ac
m.org ******
Questions on the style, SIGS policies, etc. to Adrienne Griscti griscti@acm.org

\ACM@basesize=\count92
(C:\Users\alessandro\AppData\Roaming\MiKTeX\2.9\tex\latex\comment\comment.sty
\CommentStream=\write3

Excluding comment 'comment') Excluding comment 'CCSXML'
\footheight=\dimen115
\@maxsep=\dimen116
\@dblmaxsep=\dimen117

("C:\Program Files\MiKTeX 2.9\tex\generic\oberdiek\ifpdf.sty"
Package: ifpdf 2011/01/30 v2.3 Provides the ifpdf switch (HO)
Package ifpdf Info: pdfTeX in PDF mode is detected.
)
\aucount=\count93
\originalaucount=\count94
\auwidth=\dimen118
\auskip=\dimen119
\auskipcount=\count95
\auskip=\dimen120
\allauboxes=\dimen121
\addauthors=\toks21
\addauflag=\count96
\subtitletext=\toks22
\savesection=\count97
\sectioncntr=\count98
\c@figure=\count99
\c@table=\count100
\titleboxnotes=\toks23
\titleboxnoteflag=\count101


LaTeX Warning: You have requested document class `sig-alternate-05-2015',
               but the document class provides `sig-alternate'.

Document Class: sig-alternate 2013/05/12 v2.7 based on acmproc.cls V1.3 <Nov. 3
0 '99>
("C:\Program Files\MiKTeX 2.9\tex\latex\base\latexsym.sty"
Package: latexsym 1998/08/17 v2.2e Standard LaTeX package (lasy symbols)
\symlasy=\mathgroup6
LaTeX Font Info:    Overwriting symbol font `lasy' in version `bold'
(Font)                  U/lasy/m/n --> U/lasy/b/n on input line 52.
)
\@acmtitlebox=\box28
\titlenotecount=\count102
\tntoks=\toks24
\tntokstwo=\toks25
\tntoksthree=\toks26
\tntoksfour=\toks27
\tntoksfive=\toks28
\catcount=\count103
\copyrightnotice=\toks29
\conf=\toks30
\confinfo=\toks31
\c@part=\count104
\c@section=\count105
\c@subsection=\count106
\c@subsubsection=\count107
\c@paragraph=\count108

Using 'Abbrev' bibliography style
LaTeX Info: Redefining \cite on input line 1408.
\bibindent=\dimen122
\colcntr=\count109
\saveb@x=\box29
\copyrtyr=\toks32
\acmcopyr=\toks33
\boilerplate=\toks34
(C:\Users\alessandro\AppData\Roaming\MiKTeX\2.9\tex\latex\url\url.sty
\Urlmuskip=\muskip11
Package: url 2013/09/16  ver 3.4  Verb mode for urls, etc.
)
(acmcopyright.sty
Package: acmcopyright 2014/06/29 v1.2 Copyright statemens for ACM classes
 ("C:\Program Files\MiKTeX 2.9\tex\latex\xkeyval\xkeyval.sty"
Package: xkeyval 2014/12/03 v2.7a package option processing (HA)

("C:\Program Files\MiKTeX 2.9\tex\generic\xkeyval\xkeyval.tex"
("C:\Program Files\MiKTeX 2.9\tex\generic\xkeyval\xkvutils.tex"
\XKV@toks=\toks35
\XKV@tempa@toks=\toks36
)
\XKV@depth=\count110
File: xkeyval.tex 2014/12/03 v2.7a key=value parser (HA)
)))
\copyrightetc=\toks37

("C:\Program Files\MiKTeX 2.9\tex\latex\base\fontenc.sty"
Package: fontenc 2005/09/27 v1.99g Standard LaTeX package

("C:\Program Files\MiKTeX 2.9\tex\latex\base\t1enc.def"
File: t1enc.def 2005/09/27 v1.99g Standard LaTeX file
LaTeX Font Info:    Redeclaring font encoding T1 on input line 48.
)
LaTeX Font Info:    Try loading font information for T1+aer on input line 105.

("C:\Program Files\MiKTeX 2.9\tex\latex\ae\t1aer.fd"
File: t1aer.fd 1997/11/16 Font definitions for T1/aer.
)))
(sig-alternate-sample.aux

LaTeX Warning: Label `notes' multiply defined.


LaTeX Warning: Label `notes' multiply defined.


LaTeX Warning: Label `notes' multiply defined.


LaTeX Warning: Label `notes' multiply defined.

)
LaTeX Font Info:    Checking defaults for OML/cmm/m/it on input line 54.
LaTeX Font Info:    ... okay on input line 54.
LaTeX Font Info:    Checking defaults for T1/cmr/m/n on input line 54.
LaTeX Font Info:    ... okay on input line 54.
LaTeX Font Info:    Checking defaults for OT1/cmr/m/n on input line 54.
LaTeX Font Info:    ... okay on input line 54.
LaTeX Font Info:    Checking defaults for OMS/cmsy/m/n on input line 54.
LaTeX Font Info:    ... okay on input line 54.
LaTeX Font Info:    Checking defaults for OMX/cmex/m/n on input line 54.
LaTeX Font Info:    ... okay on input line 54.
LaTeX Font Info:    Checking defaults for U/cmr/m/n on input line 54.
LaTeX Font Info:    ... okay on input line 54.

(C:\Users\alessandro\AppData\Roaming\MiKTeX\2.9\tex\context\base\supp-pdf.mkii
[Loading MPS to PDF converter (version 2006.09.02).]
\scratchcounter=\count111
\scratchdimen=\dimen123
\scratchbox=\box30
\nofMPsegments=\count112
\nofMParguments=\count113
\everyMPshowfont=\toks38
\MPscratchCnt=\count114
\MPscratchDim=\dimen124
\MPnumerator=\count115
\makeMPintoPDFobject=\count116
\everyMPtoPDFconversion=\toks39
) Excluding 'comment' comment.
LaTeX Font Info:    Try loading font information for U+msa on input line 161.

("C:\Program Files\MiKTeX 2.9\tex\latex\amsfonts\umsa.fd"
File: umsa.fd 2013/01/14 v3.01 AMS symbols A
)
LaTeX Font Info:    Try loading font information for U+msb on input line 161.

("C:\Program Files\MiKTeX 2.9\tex\latex\amsfonts\umsb.fd"
File: umsb.fd 2013/01/14 v3.01 AMS symbols B
)
LaTeX Font Info:    Try loading font information for U+lasy on input line 161.

("C:\Program Files\MiKTeX 2.9\tex\latex\base\ulasy.fd"
File: ulasy.fd 1998/08/17 v2.2e LaTeX symbol font definitions
)
Overfull \hbox (3.44733pt too wide) in paragraph at lines 166--167
\T1/aer/m/it/9 me-ttessero di fo-cal-iz-zarsi prin-ci-pal-mente sul prob-lema a
nziché
 []

Excluding 'comment' comment.
<architettura_generale.png, id=1, 600.2425pt x 474.77374pt>
File: architettura_generale.png Graphic file (type png)

<use architettura_generale.png>
Package pdftex.def Info: architettura_generale.png used on input line 264.
(pdftex.def)             Requested size: 240.09274pt x 189.90613pt.
 [1{C:/Users/alessandro/AppData/Local/MiKTeX/2.9/pdftex/config/pdftex.map}


] Excluding 'comment' comment.
Overfull \hbox (3.38927pt too wide) in paragraph at lines 308--310
\T1/aer/m/n/9 stesura del pro-getto, dalla pro-get-tazione all'implementazione,

 []


Overfull \hbox (7.54114pt too wide) in paragraph at lines 336--337
[]\T1/aer/m/n/9 Comunicazione \T1/aer/m/it/9 inter-Cluster\T1/aer/m/n/9 : sfrut
-ti-amo il servizio \T1/aer/m/it/9 AWS
 []

[2 <./architettura_generale.png>]
Overfull \hbox (1.5437pt too wide) in paragraph at lines 359--360
\T1/aer/m/n/9 pun-tate degli utenti, ren-dendo tali dati ac-ces-si-bili per l'e
labo-
 []


Overfull \hbox (2.36475pt too wide) in paragraph at lines 366--368
\T1/aer/m/n/9 Quando un'applicazione ef-fet-tua delle scrit-ture su una tabella

 []

<Database.png, id=19, 445.665pt x 189.70876pt>
File: Database.png Graphic file (type png)
 <use Database.png>
Package pdftex.def Info: Database.png used on input line 373.
(pdftex.def)             Requested size: 222.83195pt x 94.85414pt.

<Stati_del_sistema.png, id=20, 586.19pt x 287.0725pt>
File: Stati_del_sistema.png Graphic file (type png)

<use Stati_del_sistema.png>
Package pdftex.def Info: Stati_del_sistema.png used on input line 400.
(pdftex.def)             Requested size: 234.47185pt x 114.82695pt.
 [3 <./Database.png>]
Overfull \hbox (14.6419pt too wide) in paragraph at lines 438--439
\T1/aer/m/n/9 sis-tenti sulla tabella \T1/aer/m/it/9 Ac-counts \T1/aer/m/n/9 pe
r mezzo delle \T1/aer/m/it/9 Dy-namoApi\T1/aer/m/n/9 . 
 []


Overfull \hbox (7.21645pt too wide) in paragraph at lines 470--472
[]\T1/aer/m/n/9 il val-ore del campo \T1/aer/m/it/9 phase \T1/aer/m/n/9 dello s
tato rice-vuto cor-risponde
 []

[4 <./Stati_del_sistema.png>]
Overfull \hbox (7.21645pt too wide) in paragraph at lines 472--474
[]\T1/aer/m/n/9 il val-ore del campo \T1/aer/m/it/9 phase \T1/aer/m/n/9 dello s
tato rice-vuto cor-risponde
 []


Overfull \hbox (1.33044pt too wide) in paragraph at lines 479--480
\T1/aer/m/n/9 elab-ora cal-colan-done l'esito e le salva nella tabella \T1/aer/
m/it/9 Bets\T1/aer/m/n/9 ;
 []


Overfull \hbox (5.93004pt too wide) in paragraph at lines 479--480
\T1/aer/m/n/9 di con-seguenza co-mu-nica al \T1/aer/m/it/9 Su-per-Leader \T1/ae
r/m/n/9 la ter-mi-nazione
 []


Overfull \hbox (9.69627pt too wide) in paragraph at lines 491--494
[]\T1/aer/m/n/9 Il ter-mine scal-a-bil-itá, nelle tele-co-mu-ni-cazioni, nell'i
ngegneria
 []


Overfull \hbox (3.75108pt too wide) in paragraph at lines 503--504
\T1/aer/m/n/9 non sem-pre la ri-dotta dis-tanza fisica (dis-tanza tra la macchi
na
 []

[5] <stati_client.png, id=33, 416.55624pt x 359.3425pt>
File: stati_client.png Graphic file (type png)
 <use stati_client.png>
Package pdftex.def Info: stati_client.png used on input line 523.
(pdftex.def)             Requested size: 208.2776pt x 179.6708pt.

Overfull \hbox (2.885pt too wide) in paragraph at lines 549--550
[]\T1/aer/m/n/9 É stata nos-tra pre-mura ge-stire al meglio la memo-ria, poiché

 []

<connection_login.png, id=34, 709.14937pt x 315.42844pt>
File: connection_login.png Graphic file (type png)

<use connection_login.png>
Package pdftex.def Info: connection_login.png used on input line 553.
(pdftex.def)             Requested size: 496.40118pt x 220.79839pt.

<connectionsEire.png, id=35, 887.56593pt x 323.70938pt>
File: connectionsEire.png Graphic file (type png)

<use connectionsEire.png>
Package pdftex.def Info: connectionsEire.png used on input line 558.
(pdftex.def)             Requested size: 532.54367pt x 194.22713pt.

Overfull \hbox (28.54367pt too wide) in paragraph at lines 558--559
 [][] 
 []

<ConnectionsFrankfurt.png, id=36, 990.70125pt x 356.0803pt>
File: ConnectionsFrankfurt.png Graphic file (type png)

<use ConnectionsFrankfurt.png>
Package pdftex.def Info: ConnectionsFrankfurt.png used on input line 563.
(pdftex.def)             Requested size: 495.34941pt x 178.03972pt.

Overfull \hbox (3.25412pt too wide) in paragraph at lines 569--573
\T1/aer/m/n/9 tribuzione del sis-tema su scala ge-ografica, toller-anza ai guas
ti,
 []

[6 <./stati_client.png>] [7 <./connection_login.png> <./connectionsEire.png>]
Overfull \hbox (4.11177pt too wide) in paragraph at lines 582--583
\T1/aer/m/n/9 una op-er-azione di \T1/aer/m/it/9 join Skiff \T1/aer/m/n/9 all'i
nterno della rete \T1/aer/m/it/9 RAFT\T1/aer/m/n/9 . 
 []


Overfull \hbox (1.46532pt too wide) in paragraph at lines 587--591
[]\T1/aer/m/n/9 Un al-tro punto da miglio-rare sarebbe rel-a-tivo alla si-curez
za
 []


Overfull \hbox (1.68864pt too wide) in paragraph at lines 587--591
\T1/aer/m/n/9 in-for-mat-ica. A tal propos-ito bisognerebbe ge-stire la si-cure
zza
 []

[8 <./ConnectionsFrankfurt.png>] (sig-alternate-sample.aux)

LaTeX Warning: There were multiply-defined labels.

 ) 
Here is how much of TeX's memory you used:
 2819 strings out of 493673
 34557 string characters out of 3143946
 105604 words of memory out of 3000000
 6102 multiletter control sequences out of 15000+200000
 50964 words of font info for 68 fonts, out of 3000000 for 9000
 1025 hyphenation exceptions out of 8191
 41i,10n,34p,772b,283s stack positions out of 5000i,500n,10000p,200000b,50000s
{C:/Program Files/MiKTeX 2.9/fonts/enc/dvips/fontname/8r.enc}<C:/Program File
s/MiKTeX 2.9/fonts/type1/public/amsfonts/cm/cmbx9.pfb><C:/Program Files/MiKTeX 
2.9/fonts/type1/public/amsfonts/cm/cmbxti10.pfb><C:/Program Files/MiKTeX 2.9/fo
nts/type1/public/amsfonts/cm/cmmi9.pfb><C:/Program Files/MiKTeX 2.9/fonts/type1
/public/amsfonts/cm/cmr9.pfb><C:/Program Files/MiKTeX 2.9/fonts/type1/public/am
sfonts/cm/cmsy9.pfb><C:/Program Files/MiKTeX 2.9/fonts/type1/public/amsfonts/cm
/cmti9.pfb><C:/Program Files/MiKTeX 2.9/fonts/type1/urw/helvetic/uhvb8a.pfb><C:
/Program Files/MiKTeX 2.9/fonts/type1/urw/helvetic/uhvr8a.pfb><C:/Program Files
/MiKTeX 2.9/fonts/type1/urw/times/utmb8a.pfb><C:/Program Files/MiKTeX 2.9/fonts
/type1/urw/times/utmri8a.pfb>
Output written on sig-alternate-sample.pdf (8 pages, 371637 bytes).
PDF statistics:
 85 PDF objects out of 1000 (max. 8388607)
 0 named destinations out of 1000 (max. 500000)
 36 words of extra memory for PDF output out of 10000 (max. 10000000)

